smp = 4
build_mode = release
log_level = info

CPU 0 started
Found physcial memory regions:
 .text (READ | EXECUTE | RESERVED)
 .rodata (READ | RESERVED)
 .data .tdata .tbss .percpu (READ | WRITE | RESERVED)
 .percpu (READ | WRITE | RESERVED)
 boot stack (READ | WRITE | RESERVED)
 .bss (READ | WRITE | RESERVED)
 free memory (READ | WRITE | FREE)
Initialize global memory allocator...
Initialize kernel page table...
Initialize platform devices...
Initialize scheduling...
  use FIFO scheduler.
Initialize interrupt handlers...
Hello, main task!
main task sleep for 1\.[0-9]\+s
  tick 0
task 8 sleep 1 seconds (0) ...
task 9 sleep 2 seconds (0) ...
task 10 sleep 3 seconds (0) ...
task 11 sleep 4 seconds (0) ...
task 12 sleep 5 seconds (0) ...
  tick 1
task 8 actually sleep 1\.[0-9]\+ seconds (0) ...
task 8 sleep 1 seconds (1) ...
  tick 2
  tick 3
task 9 actually sleep 2\.[0-9]\+ seconds (0) ...
task 9 sleep 2 seconds (1) ...
task 8 actually sleep 1\.[0-9]\+ seconds (1) ...
task 8 sleep 1 seconds (2) ...
  tick 4
  tick 5
task 10 actually sleep 3\.[0-9]\+ seconds (0) ...
task 10 sleep 3 seconds (1) ...
task 8 actually sleep 1\.[0-9]\+ seconds (2) ...
  tick 6
  tick 7
task 11 actually sleep 4\.[0-9]\+ seconds (0) ...
task 11 sleep 4 seconds (1) ...
task 9 actually sleep 2\.[0-9]\+ seconds (1) ...
task 9 sleep 2 seconds (2) ...
  tick 8
  tick 9
task 12 actually sleep 5\.[0-9]\+ seconds (0) ...
task 12 sleep 5 seconds (1) ...
  tick 10
  tick 11
task 10 actually sleep 3\.[0-9]\+ seconds (1) ...
task 10 sleep 3 seconds (2) ...
task 9 actually sleep 2\.[0-9]\+ seconds (2) ...
  tick 12
  tick 13
  tick 14
  tick 15
task 11 actually sleep 4\.[0-9]\+ seconds (1) ...
task 11 sleep 4 seconds (2) ...
  tick 16
  tick 17
task 10 actually sleep 3\.[0-9]\+ seconds (2) ...
  tick 18
  tick 19
task 12 actually sleep 5\.[0-9]\+ seconds (1) ...
task 12 sleep 5 seconds (2) ...
  tick 20
  tick 21
  tick 22
  tick 23
task 11 actually sleep 4\.[0-9]\+ seconds (2) ...
  tick 24
  tick 25
  tick 26
  tick 27
  tick 28
  tick 29
task 12 actually sleep 5\.[0-9]\+ seconds (2) ...
(C)Sleep tests run OK!
Shutting down...
