    [92;1mBuilding[0m App: oscomp, Arch: x86_64, Platform: x86_64-qemu-q35, App type: rust
[37mcargo build[0m [90m--target x86_64-unknown-none --target-dir /home/arceoser/zx86/Starry/target --release  --manifest-path apps/oscomp/Cargo.toml --features "syscall_entry/log-level-error syscall_entry/bus-pci syscall_entry/fp_simd syscall_entry/syscall_fs syscall_entry/syscall_mem syscall_entry/syscall_task syscall_entry/futex syscall_entry/signal syscall_entry/img syscall_entry/syscall_net"[0m
[37mrust-objcopy --binary-architecture=x86_64[0m [90mapps/oscomp/oscomp_x86_64-qemu-q35.elf --strip-all -O binary apps/oscomp/oscomp_x86_64-qemu-q35.bin[0m
    [96;1mRunning[0m on qemu...
[37mqemu-system-x86_64[0m [90m-m 2G -smp 1 -machine q35 -kernel apps/oscomp/oscomp_x86_64-qemu-q35.elf -device virtio-blk-pci,drive=disk0 -drive id=disk0,if=none,format=raw,file=disk.img -device virtio-net-pci,netdev=net0 -netdev user,id=net0,hostfwd=tcp::5555-:5555,hostfwd=udp::5555-:5555 -nographic[0m
c[?7l[2J[0mSeaBIOS (version 1.13.0-1ubuntu1.1)


iPXE (http://ipxe.org) 00:03.0 CA00 PCI2.10 PnP PMM+7FF8C5F0+7FECC5F0 CA00
Press Ctrl-B to configure iPXE (PCI 00:03.0)...                                                                               


Booting from ROM..
Initialize IDT & GDT...

       d8888                            .d88888b.   .d8888b.
      d88888                           d88P" "Y88b d88P  Y88b
     d88P888                           888     888 Y88b.
    d88P 888 888d888  .d8888b  .d88b.  888     888  "Y888b.
   d88P  888 888P"   d88P"    d8P  Y8b 888     888     "Y88b.
  d88P   888 888     888      88888888 888     888       "888
 d8888888888 888     Y88b.    Y8b.     Y88b. .d88P Y88b  d88P
d88P     888 888      "Y8888P  "Y8888   "Y88888P"   "Y8888P"

arch = x86_64
platform = x86_64-qemu-q35
target = x86_64-unknown-none
smp = 1
build_mode = release
log_level = error

[37m[  0.143723 0 fatfs::dir:140] [31mIs a directory[m
[m[37m[  0.148293 0 fatfs::dir:140] [31mIs a directory[m
[m[37m[  0.151154 0 fatfs::dir:140] [31mIs a directory[m
[m[37m[  0.154870 0 fatfs::dir:140] [31mIs a directory[m
[m[37m[  0.157736 0 fatfs::dir:140] [31mIs a directory[m
[m[37m[  0.221338 0:6 syscall_entry::syscall:37] [31m[syscall] id = GETEUID, args = [1073741376, 0, 4822080, 4096, 0, 1], entry[m
[m[37m[  0.222395 0:6 syscall_entry::syscall:47] [31m[syscall] id = 107, args = [1073741376, 0, 4822080, 4096, 0, 1], return 0[m
[m[37m[  0.222834 0:6 syscall_entry::syscall:37] [31m[syscall] id = GETUID, args = [1073741376, 0, 4822080, 4096, 0, 1], entry[m
[m[37m[  0.223042 0:6 syscall_entry::syscall:47] [31m[syscall] id = 102, args = [1073741376, 0, 4822080, 4096, 0, 1], return 0[m
[m[37m[  0.223282 0:6 syscall_entry::syscall:37] [31m[syscall] id = GETEGID, args = [1073741376, 0, 4822080, 4096, 0, 1], entry[m
[m[37m[  0.223501 0:6 syscall_entry::syscall:47] [31m[syscall] id = 108, args = [1073741376, 0, 4822080, 4096, 0, 1], return 0[m
[m[37m[  0.223736 0:6 syscall_entry::syscall:37] [31m[syscall] id = GETGID, args = [1073741376, 0, 4822080, 4096, 0, 1], entry[m
[m[37m[  0.223948 0:6 syscall_entry::syscall:47] [31m[syscall] id = 104, args = [1073741376, 0, 4822080, 4096, 0, 1], return 0[m
[m[37m[  0.224388 0:6 syscall_entry::syscall:37] [31m[syscall] id = ARCH_PRCTL, args = [12289, 1073741024, 4549856, 4821736, 3, 1073740964], entry[m
[m[37m[  0.224669 0:6 syscall_entry::syscall:47] [31m[syscall] id = 158, args = [12289, 1073741024, 4549856, 4821736, 3, 1073740964], return -22[m
[m[37m[  0.225283 0:6 syscall_entry::syscall:20] [31m[syscall] id = BRK, args = [0, 1073741024, 31, 4821736, 4968640, 1073740964], entry[m
[m[37m[  0.225570 0:6 syscall_entry::syscall:47] [31m[syscall] id = 12, args = [0, 1073741024, 31, 4821736, 4968640, 1073740964], return 1067450368[m
[m[37m[  0.225927 0:6 syscall_entry::syscall:20] [31m[syscall] id = BRK, args = [1067454912, 1073741024, 31, 4821736, 4968640, 1073740964], entry[m
[m[37m[  0.226293 0:6 syscall_entry::syscall:47] [31m[syscall] id = 12, args = [1067454912, 1073741024, 31, 4821736, 4968640, 1073740964], return 1067454912[m
[m[37m[  0.226614 0:6 syscall_entry::syscall:37] [31m[syscall] id = ARCH_PRCTL, args = [4098, 1067452544, 32, 4821736, 4968640, 1073740964], entry[m
[m[37m[  0.226823 0:6 syscall_entry::syscall:47] [31m[syscall] id = 158, args = [4098, 1067452544, 32, 4821736, 4968640, 1073740964], return 0[m
[m[37m[  0.227055 0:6 syscall_entry::syscall:37] [31m[syscall] id = UNAME, args = [1073740480, 1067452544, 32, 4821736, 4968640, 1073740964], entry[m
[m[37m[  0.227332 0:6 syscall_entry::syscall:47] [31m[syscall] id = 63, args = [1073740480, 1067452544, 32, 4821736, 4968640, 1073740964], return 0[m
[m[37m[  0.227662 0:6 syscall_entry::syscall:28] [31m[syscall] id = READLINK, args = [4896419, 1073736608, 4096, 4821736, 1, 1073740964], entry[m
[m[37m[  0.228338 0:6 syscall_entry::syscall:47] [31m[syscall] id = 89, args = [4896419, 1073736608, 4096, 4821736, 1, 1073740964], return -22[m
[m[37m[  0.229219 0:6 syscall_entry::syscall:20] [31m[syscall] id = BRK, args = [1067590080, 135168, 18446744073709547520, 18446744073709547520, 4982784, 1073740964], entry[m
[m[37m[  0.229470 0:6 syscall_entry::syscall:47] [31m[syscall] id = 12, args = [1067590080, 135168, 18446744073709547520, 18446744073709547520, 4982784, 1073740964], return 1067454912[m
[m[37m[  0.229769 0:6 syscall_entry::syscall:20] [31m[syscall] id = MMAP, args = [0, 1048576, 3, 34, 4294967295, 0], entry[m
[m[37m[  0.231225 0:6 syscall_entry::syscall:47] [31m[syscall] id = 9, args = [0, 1048576, 3, 34, 4294967295, 0], return 4096[m
[m[37m[  0.232373 0:6 syscall_entry::syscall:20] [31m[syscall] id = MPROTECT, args = [4968448, 12288, 1, 12096, 1, 6], entry[m
[m[37m[  0.233197 0:6 syscall_entry::syscall:47] [31m[syscall] id = 10, args = [4968448, 12288, 1, 12096, 1, 6], return 0[m
[m[37m[  0.233786 0:6 syscall_entry::syscall:37] [31m[syscall] id = PRCTL, args = [16, 1073740864, 1073741216, 4540176, 0, 6], entry[m
[m[37m[  0.233990 0:6 syscall_entry::syscall:47] [31m[syscall] id = 157, args = [16, 1073740864, 1073741216, 4540176, 0, 6], return 0[m
[m[37m[  0.234410 0:6 syscall_entry::syscall:28] [31m[syscall] id = FSTAT, args = [1, 1073738912, 1073738912, 4804618, 1, 6], entry[m
[m[37m[  0.234737 0:6 syscall_entry::syscall:47] [31m[syscall] id = 5, args = [1, 1073738912, 1073738912, 4804618, 1, 6], return -1[m
[m[37m[  0.235604 0:6 syscall_entry::syscall:28] [31m[syscall] id = WRITE, args = [1, 5312, 18, 4294967293, 0, 18], entry[m
[mProcess name:  -@
[37m[  0.236144 0:6 syscall_entry::syscall:47] [31m[syscall] id = 1, args = [1, 5312, 18, 4294967293, 0, 18], return 18[m
[m[37m[  0.236575 0:6 syscall_entry::syscall:37] [31m[syscall] id = EXIT_GROUP, args = [0, 60, 0, 4294967293, 231, 18446744073709551552], entry[m
[m