smp = 4
build_mode = release
log_level = info

CPU 0 started
Found physcial memory regions:
 .text (READ | EXECUTE | RESERVED)
 .rodata (READ | RESERVED)
 .data .tdata .tbss .percpu (READ | WRITE | RESERVED)
 .percpu (READ | WRITE | RESERVED)
 boot stack (READ | WRITE | RESERVED)
 .bss (READ | WRITE | RESERVED)
 free memory (READ | WRITE | FREE)
Initialize platform devices...
CPU 0 init OK
CPU 1 started
CPU 2 started
CPU 3 started
CPU 1 init OK
CPU 2 init OK
CPU 3 init OK
Hello, world!
Shutting down...
