smp = 4
build_mode = release
log_level = info

CPU 0 started
Found physcial memory regions:
 .text (READ | EXECUTE | RESERVED)
 .rodata (READ | RESERVED)
 .data (READ | WRITE | RESERVED)
 .percpu (READ | WRITE | RESERVED)
 boot stack (READ | WRITE | RESERVED)
 .bss (READ | WRITE | RESERVED)
 free memory (READ | WRITE | FREE)
Initialize global memory allocator...
Initialize kernel page table...
Initialize platform devices...
Initialize scheduling...
  use Round-robin scheduler.
Initialize interrupt handlers...
CPU 0 init OK
CPU 1 started
CPU 2 started
CPU 3 started
CPU 1 init OK
CPU 2 init OK
CPU 3 init OK
Hello, main task!
Hello, task 0! id = TaskId(7)
Hello, task 1! id = TaskId(8)
Hello, task 2! id = TaskId(9)
Hello, task 3! id = TaskId(10)
Hello, task 4! id = TaskId(11)
Hello, task 5! id = TaskId(12)
Hello, task 6! id = TaskId(13)
Hello, task 7! id = TaskId(14)
Hello, task 8! id = TaskId(15)
Hello, task 9! id = TaskId(16)
Task yielding tests run OK!
Shutting down...
