smp = 4
build_mode = release
log_level = info

CPU 0 started
Found physcial memory regions:
 .text (READ | EXECUTE | RESERVED)
 .rodata (READ | RESERVED)
 .data .tdata .tbss .percpu (READ | WRITE | RESERVED)
 .percpu (READ | WRITE | RESERVED)
 boot stack (READ | WRITE | RESERVED)
 .bss (READ | WRITE | RESERVED)
 free memory (READ | WRITE | FREE)
Initialize global memory allocator...
Initialize platform devices...
Initialize scheduling...
  use FIFO scheduler.
CPU 1 init OK
CPU 0 init OK
CPU 1 started
CPU 2 started
CPU 3 started
CPU 1 init OK
CPU 2 init OK
CPU 3 init OK
Hello, main task!
Hello, task 0! id = ThreadId(7)
Hello, task 1! id = ThreadId(8)
Hello, task 2! id = ThreadId(9)
Hello, task 3! id = ThreadId(10)
Hello, task 4! id = ThreadId(11)
Hello, task 5! id = ThreadId(12)
Hello, task 6! id = ThreadId(13)
Hello, task 7! id = ThreadId(14)
Hello, task 8! id = ThreadId(15)
Hello, task 9! id = ThreadId(16)
Task yielding tests run OK!
Shutting down...
