smp = 4
build_mode = release
log_level = info

Primary CPU [0-9]\+ started,
Secondary CPU [0-9]\+ started.
Secondary CPU [0-9]\+ started.
Secondary CPU [0-9]\+ started.
Secondary CPU [0-9]\+ init OK.
Secondary CPU [0-9]\+ init OK.
Secondary CPU [0-9]\+ init OK.
Found physcial memory regions:
 .text (READ | EXECUTE | RESERVED)
 .rodata (READ | RESERVED)
 .data (READ | WRITE | RESERVED)
 .percpu (READ | WRITE | RESERVED)
 boot stack (READ | WRITE | RESERVED)
 .bss (READ | WRITE | RESERVED)
 free memory (READ | WRITE | FREE)
Initialize global memory allocator...
Initialize kernel page table...
Initialize platform devices...
Initialize scheduling...
  use Completely Fair scheduler.
  use basic method load balance manager.
Initialize interrupt handlers...
Primary CPU [0-9]\+ init OK.
part [0-9]\+: TaskId([0-9]\+) [0, [0-9]\+)
part [0-9]\+: TaskId([0-9]\+) [0, [0-9]\+)
part [0-9]\+: TaskId([0-9]\+) [0, [0-9]\+)
part [0-9]\+: TaskId([0-9]\+) [0, [0-9]\+)
part [0-9]\+: TaskId([0-9]\+) [0, [0-9]\+)
part [0-9]\+: TaskId([0-9]\+) [0, [0-9]\+)
part [0-9]\+: TaskId([0-9]\+) [0, [0-9]\+)
part [0-9]\+: TaskId([0-9]\+) [0, [0-9]\+)
part [0-9]\+: TaskId([0-9]\+) [0, [0-9]\+)
part [0-9]\+: TaskId([0-9]\+) [0, [0-9]\+)
part [0-9]\+: TaskId([0-9]\+) [0, [0-9]\+)
part [0-9]\+: TaskId([0-9]\+) [0, [0-9]\+)
part [0-9]\+: TaskId([0-9]\+) [0, [0-9]\+)
part [0-9]\+: TaskId([0-9]\+) [0, [0-9]\+)
part [0-9]\+: TaskId([0-9]\+) [0, [0-9]\+)
part [0-9]\+: TaskId([0-9]\+) [0, [0-9]\+)
part [0-9]\+: TaskId([0-9]\+) [0, [0-9]\+)
part [0-9]\+: TaskId([0-9]\+) [0, [0-9]\+)
part [0-9]\+: TaskId([0-9]\+) [0, [0-9]\+)
part [0-9]\+: TaskId([0-9]\+) [0, [0-9]\+)
part [0-9]\+: TaskId([0-9]\+) [0, [0-9]\+)
part [0-9]\+: TaskId([0-9]\+) [0, [0-9]\+)
part [0-9]\+: TaskId([0-9]\+) [0, [0-9]\+)
part [0-9]\+: TaskId([0-9]\+) [0, [0-9]\+)
part [0-9]\+: TaskId([0-9]\+) [0, [0-9]\+)
part [0-9]\+: TaskId([0-9]\+) finished
part [0-9]\+: TaskId([0-9]\+) finished
part [0-9]\+: TaskId([0-9]\+) finished
part [0-9]\+: TaskId([0-9]\+) finished
part [0-9]\+: TaskId([0-9]\+) finished
part [0-9]\+: TaskId([0-9]\+) finished
part [0-9]\+: TaskId([0-9]\+) finished
part [0-9]\+: TaskId([0-9]\+) finished
part [0-9]\+: TaskId([0-9]\+) finished
part [0-9]\+: TaskId([0-9]\+) finished
part [0-9]\+: TaskId([0-9]\+) finished
part [0-9]\+: TaskId([0-9]\+) finished
part [0-9]\+: TaskId([0-9]\+) finished
part [0-9]\+: TaskId([0-9]\+) finished
part [0-9]\+: TaskId([0-9]\+) finished
part [0-9]\+: TaskId([0-9]\+) finished
part [0-9]\+: TaskId([0-9]\+) finished
part [0-9]\+: TaskId([0-9]\+) finished
part [0-9]\+: TaskId([0-9]\+) finished
part [0-9]\+: TaskId([0-9]\+) finished
part [0-9]\+: TaskId([0-9]\+) finished
part [0-9]\+: TaskId([0-9]\+) finished
part [0-9]\+: TaskId([0-9]\+) finished
part [0-9]\+: TaskId([0-9]\+) finished
part [0-9]\+: TaskId([0-9]\+) finished
sum = 5310778284
leave time:
task 0 =
task 1 =
task 2 =
task 3 =
task 4 =
task 5 =
task 6 =
task 7 =
task 8 =
task 9 =
task 10 =
task 11 =
task 12 =
task 13 =
task 14 =
task 15 =
task 16 =
task 17 =
task 18 =
task 19 =
task 20 =
task 21 =
task 22 =
task 23 =
task 24 =
leave time max:
Unbalance tests run OK!
Shutting down...
