smp = 1
build_mode = release
log_level = info

Primary CPU 0 started,
Found physcial memory regions:
 .text (READ | EXECUTE | RESERVED)
 .rodata (READ | RESERVED)
 .data (READ | WRITE | RESERVED)
 .percpu (READ | WRITE | RESERVED)
 boot stack (READ | WRITE | RESERVED)
 .bss (READ | WRITE | RESERVED)
 free memory (READ | WRITE | FREE)
Initialize global memory allocator...
Initialize kernel page table...
Initialize platform devices...
Initialize scheduling...
  use Completely Fair scheduler.
  use basic method load balance manager.
Initialize interrupt handlers...
Primary CPU 0 init OK.
part 24: TaskId(4) [0, 30)
part 23: TaskId(5) [0, 30)
part 22: TaskId(6) [0, 25)
part 21: TaskId(7) [0, 20)
part 20: TaskId(8) [0, 15)
part 19: TaskId(9) [0, 10)
part 18: TaskId(10) [0, 9)
part 17: TaskId(11) [0, 8)
part 16: TaskId(12) [0, 7)
part 15: TaskId(13) [0, 6)
part 14: TaskId(14) [0, 5)
part 13: TaskId(15) [0, 4)
part 12: TaskId(16) [0, 3)
part 11: TaskId(17) [0, 2)
part 10: TaskId(18) [0, 5)
part 9: TaskId(19) [0, 5)
part 8: TaskId(20) [0, 5)
part 7: TaskId(21) [0, 5)
part 6: TaskId(22) [0, 5)
part 5: TaskId(23) [0, 5)
part 4: TaskId(24) [0, 5)
part 3: TaskId(25) [0, 5)
part 2: TaskId(26) [0, 5)
part 1: TaskId(27) [0, 5)
part 0: TaskId(28) [0, 100)
part [0-9]\+: TaskId([0-9]\+) finished
part [0-9]\+: TaskId([0-9]\+) finished
part [0-9]\+: TaskId([0-9]\+) finished
part [0-9]\+: TaskId([0-9]\+) finished
part [0-9]\+: TaskId([0-9]\+) finished
part [0-9]\+: TaskId([0-9]\+) finished
part [0-9]\+: TaskId([0-9]\+) finished
part [0-9]\+: TaskId([0-9]\+) finished
part [0-9]\+: TaskId([0-9]\+) finished
part [0-9]\+: TaskId([0-9]\+) finished
part [0-9]\+: TaskId([0-9]\+) finished
part [0-9]\+: TaskId([0-9]\+) finished
part [0-9]\+: TaskId([0-9]\+) finished
part [0-9]\+: TaskId([0-9]\+) finished
part [0-9]\+: TaskId([0-9]\+) finished
part [0-9]\+: TaskId([0-9]\+) finished
part [0-9]\+: TaskId([0-9]\+) finished
part [0-9]\+: TaskId([0-9]\+) finished
part [0-9]\+: TaskId([0-9]\+) finished
part [0-9]\+: TaskId([0-9]\+) finished
part [0-9]\+: TaskId([0-9]\+) finished
part [0-9]\+: TaskId([0-9]\+) finished
part [0-9]\+: TaskId([0-9]\+) finished
part [0-9]\+: TaskId([0-9]\+) finished
part [0-9]\+: TaskId([0-9]\+) finished
sum = 5310778284
leave time:
task 0 =
task 1 =
task 2 =
task 3 =
task 4 =
task 5 =
task 6 =
task 7 =
task 8 =
task 9 =
task 10 =
task 11 =
task 12 =
task 13 =
task 14 =
task 15 =
task 16 =
task 17 =
task 18 =
task 19 =
task 20 =
task 21 =
task 22 =
task 23 =
task 24 =
leave time max:
Unbalance tests run OK!
Shutting down...
