smp = 1
build_mode = release
log_level = off

========== START entry-static.exe argv ==========
Pass!
========== END entry-static.exe argv ==========
Hangup
========== START entry-static.exe basename ==========
Pass!
========== END entry-static.exe basename ==========
Hangup
========== START entry-static.exe clocale_mbfuncs ==========
Pass!
========== END entry-static.exe clocale_mbfuncs ==========
Hangup
========== START entry-static.exe clock_gettime ==========
Pass!
========== END entry-static.exe clock_gettime ==========
Hangup
========== START entry-static.exe crypt ==========
Pass!
========== END entry-static.exe crypt ==========
Hangup
========== START entry-static.exe dirname ==========
Pass!
========== END entry-static.exe dirname ==========
Hangup
========== START entry-static.exe env ==========
Pass!
========== END entry-static.exe env ==========
Hangup
========== START entry-static.exe fdopen ==========
Pass!
========== END entry-static.exe fdopen ==========
Hangup
========== START entry-static.exe fnmatch ==========
Pass!
========== END entry-static.exe fnmatch ==========
Hangup
========== START entry-static.exe fscanf ==========
Pass!
========== END entry-static.exe fscanf ==========
Hangup
========== START entry-static.exe fwscanf ==========
Pass!
========== END entry-static.exe fwscanf ==========
Hangup
========== START entry-static.exe iconv_open ==========
Pass!
========== END entry-static.exe iconv_open ==========
Hangup
========== START entry-static.exe inet_pton ==========
Pass!
========== END entry-static.exe inet_pton ==========
Hangup
========== START entry-static.exe mbc ==========
Pass!
========== END entry-static.exe mbc ==========
Hangup
========== START entry-static.exe memstream ==========
Pass!
========== END entry-static.exe memstream ==========
Hangup
========== START entry-static.exe pthread_cancel_points ==========
Pass!
========== END entry-static.exe pthread_cancel_points ==========
Hangup
========== START entry-static.exe pthread_cancel ==========
Pass!
========== END entry-static.exe pthread_cancel ==========
Hangup
========== START entry-static.exe pthread_cond ==========
Pass!
========== END entry-static.exe pthread_cond ==========
Hangup
========== START entry-static.exe pthread_tsd ==========
Pass!
========== END entry-static.exe pthread_tsd ==========
Hangup
========== START entry-static.exe qsort ==========
Pass!
========== END entry-static.exe qsort ==========
Hangup
========== START entry-static.exe random ==========
Pass!
========== END entry-static.exe random ==========
Hangup
========== START entry-static.exe search_hsearch ==========
Pass!
========== END entry-static.exe search_hsearch ==========
Hangup
========== START entry-static.exe search_insque ==========
Pass!
========== END entry-static.exe search_insque ==========
Hangup
========== START entry-static.exe search_lsearch ==========
Pass!
========== END entry-static.exe search_lsearch ==========
Hangup
========== START entry-static.exe search_tsearch ==========
Pass!
========== END entry-static.exe search_tsearch ==========
Hangup
========== START entry-static.exe setjmp ==========
Pass!
========== END entry-static.exe setjmp ==========
Hangup
========== START entry-static.exe snprintf ==========
Pass!
========== END entry-static.exe snprintf ==========
Hangup
========== START entry-static.exe socket ==========
Pass!
========== END entry-static.exe socket ==========
Hangup
========== START entry-static.exe sscanf ==========
Pass!
========== END entry-static.exe sscanf ==========
Hangup
========== START entry-static.exe sscanf_long ==========
Pass!
========== END entry-static.exe sscanf_long ==========
Hangup
========== START entry-static.exe stat ==========
Pass!
========== END entry-static.exe stat ==========
Hangup
========== START entry-static.exe strftime ==========
Pass!
========== END entry-static.exe strftime ==========
Hangup
========== START entry-static.exe string ==========
Pass!
========== END entry-static.exe string ==========
Hangup
========== START entry-static.exe string_memcpy ==========
Pass!
========== END entry-static.exe string_memcpy ==========
Hangup
========== START entry-static.exe string_memmem ==========
Pass!
========== END entry-static.exe string_memmem ==========
Hangup
========== START entry-static.exe string_memset ==========
Pass!
========== END entry-static.exe string_memset ==========
Hangup
========== START entry-static.exe string_strchr ==========
Pass!
========== END entry-static.exe string_strchr ==========
Hangup
========== START entry-static.exe string_strcspn ==========
Pass!
========== END entry-static.exe string_strcspn ==========
Hangup
========== START entry-static.exe string_strstr ==========
Pass!
========== END entry-static.exe string_strstr ==========
Hangup
========== START entry-static.exe strptime ==========
Pass!
========== END entry-static.exe strptime ==========
Hangup
========== START entry-static.exe strtod ==========
Pass!
========== END entry-static.exe strtod ==========
Hangup
========== START entry-static.exe strtod_simple ==========
Pass!
========== END entry-static.exe strtod_simple ==========
Hangup
========== START entry-static.exe strtof ==========
Pass!
========== END entry-static.exe strtof ==========
Hangup
========== START entry-static.exe strtol ==========
Pass!
========== END entry-static.exe strtol ==========
Hangup
========== START entry-static.exe strtold ==========
Pass!
========== END entry-static.exe strtold ==========
Hangup
========== START entry-static.exe swprintf ==========
Pass!
========== END entry-static.exe swprintf ==========
Hangup
========== START entry-static.exe tgmath ==========
Pass!
========== END entry-static.exe tgmath ==========
Hangup
========== START entry-static.exe time ==========
Pass!
========== END entry-static.exe time ==========
Hangup
========== START entry-static.exe tls_align ==========
Pass!
========== END entry-static.exe tls_align ==========
Hangup
========== START entry-static.exe udiv ==========
Pass!
========== END entry-static.exe udiv ==========
Hangup
========== START entry-static.exe ungetc ==========
Pass!
========== END entry-static.exe ungetc ==========
Hangup
========== START entry-static.exe utime ==========
Pass!
========== END entry-static.exe utime ==========
Hangup
========== START entry-static.exe wcsstr ==========
Pass!
========== END entry-static.exe wcsstr ==========
Hangup
========== START entry-static.exe wcstol ==========
Pass!
========== END entry-static.exe wcstol ==========
Hangup
========== START entry-static.exe pleval ==========
Pass!
========== END entry-static.exe pleval ==========
Hangup
========== START entry-static.exe daemon_failure ==========
Pass!
========== END entry-static.exe daemon_failure ==========
Hangup
========== START entry-static.exe dn_expand_empty ==========
Pass!
========== END entry-static.exe dn_expand_empty ==========
Hangup
========== START entry-static.exe dn_expand_ptr_0 ==========
Pass!
========== END entry-static.exe dn_expand_ptr_0 ==========
Hangup
========== START entry-static.exe fflush_exit ==========
Pass!
========== END entry-static.exe fflush_exit ==========
Hangup
========== START entry-static.exe fgets_eof ==========
Pass!
========== END entry-static.exe fgets_eof ==========
Hangup
========== START entry-static.exe fgetwc_buffering ==========
Pass!
========== END entry-static.exe fgetwc_buffering ==========
Hangup
========== START entry-static.exe fpclassify_invalid_ld80 ==========
Pass!
========== END entry-static.exe fpclassify_invalid_ld80 ==========
Hangup
========== START entry-static.exe ftello_unflushed_append ==========
Pass!
========== END entry-static.exe ftello_unflushed_append ==========
Hangup
========== START entry-static.exe getpwnam_r_crash ==========
Pass!
========== END entry-static.exe getpwnam_r_crash ==========
Hangup
========== START entry-static.exe getpwnam_r_errno ==========
Pass!
========== END entry-static.exe getpwnam_r_errno ==========
Hangup
========== START entry-static.exe iconv_roundtrips ==========
Pass!
========== END entry-static.exe iconv_roundtrips ==========
Hangup
========== START entry-static.exe inet_ntop_v4mapped ==========
Pass!
========== END entry-static.exe inet_ntop_v4mapped ==========
Hangup
========== START entry-static.exe inet_pton_empty_last_field ==========
Pass!
========== END entry-static.exe inet_pton_empty_last_field ==========
Hangup
========== START entry-static.exe iswspace_null ==========
Pass!
========== END entry-static.exe iswspace_null ==========
Hangup
========== START entry-static.exe lrand48_signextend ==========
Pass!
========== END entry-static.exe lrand48_signextend ==========
Hangup
========== START entry-static.exe lseek_large ==========
Pass!
========== END entry-static.exe lseek_large ==========
Hangup
========== START entry-static.exe malloc_0 ==========
Pass!
========== END entry-static.exe malloc_0 ==========
Hangup
========== START entry-static.exe mbsrtowcs_overflow ==========
Pass!
========== END entry-static.exe mbsrtowcs_overflow ==========
Hangup
========== START entry-static.exe memmem_oob_read ==========
Pass!
========== END entry-static.exe memmem_oob_read ==========
Hangup
========== START entry-static.exe memmem_oob ==========
Pass!
========== END entry-static.exe memmem_oob ==========
Hangup
========== START entry-static.exe mkdtemp_failure ==========
Pass!
========== END entry-static.exe mkdtemp_failure ==========
Hangup
========== START entry-static.exe mkstemp_failure ==========
Pass!
========== END entry-static.exe mkstemp_failure ==========
Hangup
========== START entry-static.exe printf_1e9_oob ==========
Pass!
========== END entry-static.exe printf_1e9_oob ==========
Hangup
========== START entry-static.exe printf_fmt_g_round ==========
Pass!
========== END entry-static.exe printf_fmt_g_round ==========
Hangup
========== START entry-static.exe printf_fmt_g_zeros ==========
Pass!
========== END entry-static.exe printf_fmt_g_zeros ==========
Hangup
========== START entry-static.exe printf_fmt_n ==========
Pass!
========== END entry-static.exe printf_fmt_n ==========
Hangup
========== START entry-static.exe pthread_robust_detach ==========
Pass!
========== END entry-static.exe pthread_robust_detach ==========
Hangup
========== START entry-static.exe pthread_cancel_sem_wait ==========
Pass!
========== END entry-static.exe pthread_cancel_sem_wait ==========
Hangup
========== START entry-static.exe pthread_cond_smasher ==========
Pass!
========== END entry-static.exe pthread_cond_smasher ==========
Hangup
========== START entry-static.exe pthread_condattr_setclock ==========
Pass!
========== END entry-static.exe pthread_condattr_setclock ==========
Hangup
========== START entry-static.exe pthread_exit_cancel ==========
Pass!
========== END entry-static.exe pthread_exit_cancel ==========
Hangup
========== START entry-static.exe pthread_once_deadlock ==========
Pass!
========== END entry-static.exe pthread_once_deadlock ==========
Hangup
========== START entry-static.exe pthread_rwlock_ebusy ==========
Pass!
========== END entry-static.exe pthread_rwlock_ebusy ==========
Hangup
========== START entry-static.exe putenv_doublefree ==========
Pass!
========== END entry-static.exe putenv_doublefree ==========
Hangup
========== START entry-static.exe regex_backref_0 ==========
Pass!
========== END entry-static.exe regex_backref_0 ==========
Hangup
========== START entry-static.exe regex_bracket_icase ==========
Pass!
========== END entry-static.exe regex_bracket_icase ==========
Hangup
========== START entry-static.exe regex_ere_backref ==========
Pass!
========== END entry-static.exe regex_ere_backref ==========
Hangup
========== START entry-static.exe regex_escaped_high_byte ==========
Pass!
========== END entry-static.exe regex_escaped_high_byte ==========
Hangup
========== START entry-static.exe regex_negated_range ==========
Pass!
========== END entry-static.exe regex_negated_range ==========
Hangup
========== START entry-static.exe regexec_nosub ==========
Pass!
========== END entry-static.exe regexec_nosub ==========
Hangup
========== START entry-static.exe rewind_clear_error ==========
Pass!
========== END entry-static.exe rewind_clear_error ==========
Hangup
========== START entry-static.exe rlimit_open_files ==========
Pass!
========== END entry-static.exe rlimit_open_files ==========
Hangup
========== START entry-static.exe scanf_bytes_consumed ==========
Pass!
========== END entry-static.exe scanf_bytes_consumed ==========
Hangup
========== START entry-static.exe scanf_match_literal_eof ==========
Pass!
========== END entry-static.exe scanf_match_literal_eof ==========
Hangup
========== START entry-static.exe scanf_nullbyte_char ==========
Pass!
========== END entry-static.exe scanf_nullbyte_char ==========
Hangup
========== START entry-static.exe setvbuf_unget ==========
Pass!
========== END entry-static.exe setvbuf_unget ==========
Hangup
========== START entry-static.exe sigprocmask_internal ==========
Pass!
========== END entry-static.exe sigprocmask_internal ==========
Hangup
========== START entry-static.exe sscanf_eof ==========
Pass!
========== END entry-static.exe sscanf_eof ==========
Hangup
========== START entry-static.exe statvfs ==========
Pass!
========== END entry-static.exe statvfs ==========
Hangup
========== START entry-static.exe strverscmp ==========
Pass!
========== END entry-static.exe strverscmp ==========
Hangup
========== START entry-static.exe syscall_sign_extend ==========
Pass!
========== END entry-static.exe syscall_sign_extend ==========
Hangup
========== START entry-static.exe uselocale_0 ==========
Pass!
========== END entry-static.exe uselocale_0 ==========
Hangup
========== START entry-static.exe wcsncpy_read_overflow ==========
Pass!
========== END entry-static.exe wcsncpy_read_overflow ==========
Hangup
========== START entry-static.exe wcsstr_false_negative ==========
Pass!
========== END entry-static.exe wcsstr_false_negative ==========
Hangup
Hangup (core dumped)
========== START entry-dynamic.exe argv ==========
Pass!
========== END entry-dynamic.exe argv ==========
Hangup
========== START entry-dynamic.exe basename ==========
Pass!
========== END entry-dynamic.exe basename ==========
Hangup
========== START entry-dynamic.exe clocale_mbfuncs ==========
Pass!
========== END entry-dynamic.exe clocale_mbfuncs ==========
Hangup
========== START entry-dynamic.exe clock_gettime ==========
Pass!
========== END entry-dynamic.exe clock_gettime ==========
Hangup
========== START entry-dynamic.exe crypt ==========
Pass!
========== END entry-dynamic.exe crypt ==========
Hangup
========== START entry-dynamic.exe dirname ==========
Pass!
========== END entry-dynamic.exe dirname ==========
Hangup
========== START entry-dynamic.exe dlopen ==========
Pass!
========== END entry-dynamic.exe dlopen ==========
Hangup
========== START entry-dynamic.exe env ==========
Pass!
========== END entry-dynamic.exe env ==========
Hangup
========== START entry-dynamic.exe fdopen ==========
Pass!
========== END entry-dynamic.exe fdopen ==========
Hangup
========== START entry-dynamic.exe fnmatch ==========
Pass!
========== END entry-dynamic.exe fnmatch ==========
Hangup
========== START entry-dynamic.exe fscanf ==========
Pass!
========== END entry-dynamic.exe fscanf ==========
Hangup
========== START entry-dynamic.exe fwscanf ==========
Pass!
========== END entry-dynamic.exe fwscanf ==========
Hangup
========== START entry-dynamic.exe iconv_open ==========
Pass!
========== END entry-dynamic.exe iconv_open ==========
Hangup
========== START entry-dynamic.exe inet_pton ==========
Pass!
========== END entry-dynamic.exe inet_pton ==========
Hangup
========== START entry-dynamic.exe mbc ==========
Pass!
========== END entry-dynamic.exe mbc ==========
Hangup
========== START entry-dynamic.exe memstream ==========
Pass!
========== END entry-dynamic.exe memstream ==========
Hangup
========== START entry-dynamic.exe pthread_cancel_points ==========
Pass!
========== END entry-dynamic.exe pthread_cancel_points ==========
Hangup
========== START entry-dynamic.exe pthread_cancel ==========
Pass!
========== END entry-dynamic.exe pthread_cancel ==========
Hangup
========== START entry-dynamic.exe pthread_cond ==========
Pass!
========== END entry-dynamic.exe pthread_cond ==========
Hangup
========== START entry-dynamic.exe pthread_tsd ==========
Pass!
========== END entry-dynamic.exe pthread_tsd ==========
Hangup
========== START entry-dynamic.exe qsort ==========
Pass!
========== END entry-dynamic.exe qsort ==========
Hangup
========== START entry-dynamic.exe random ==========
Pass!
========== END entry-dynamic.exe random ==========
Hangup
========== START entry-dynamic.exe search_hsearch ==========
Pass!
========== END entry-dynamic.exe search_hsearch ==========
Hangup
========== START entry-dynamic.exe search_insque ==========
Pass!
========== END entry-dynamic.exe search_insque ==========
Hangup
========== START entry-dynamic.exe search_lsearch ==========
Pass!
========== END entry-dynamic.exe search_lsearch ==========
Hangup
========== START entry-dynamic.exe search_tsearch ==========
Pass!
========== END entry-dynamic.exe search_tsearch ==========
Hangup
========== START entry-dynamic.exe sem_init ==========
Pass!
========== END entry-dynamic.exe sem_init ==========
Hangup
========== START entry-dynamic.exe setjmp ==========
Pass!
========== END entry-dynamic.exe setjmp ==========
Hangup
========== START entry-dynamic.exe snprintf ==========
Pass!
========== END entry-dynamic.exe snprintf ==========
Hangup
========== START entry-dynamic.exe socket ==========
Pass!
========== END entry-dynamic.exe socket ==========
Hangup
========== START entry-dynamic.exe sscanf ==========
Pass!
========== END entry-dynamic.exe sscanf ==========
Hangup
========== START entry-dynamic.exe sscanf_long ==========
Pass!
========== END entry-dynamic.exe sscanf_long ==========
Hangup
========== START entry-dynamic.exe stat ==========
Pass!
========== END entry-dynamic.exe stat ==========
Hangup
========== START entry-dynamic.exe strftime ==========
Pass!
========== END entry-dynamic.exe strftime ==========
Hangup
========== START entry-dynamic.exe string ==========
Pass!
========== END entry-dynamic.exe string ==========
Hangup
========== START entry-dynamic.exe string_memcpy ==========
Pass!
========== END entry-dynamic.exe string_memcpy ==========
Hangup
========== START entry-dynamic.exe string_memmem ==========
Pass!
========== END entry-dynamic.exe string_memmem ==========
Hangup
========== START entry-dynamic.exe string_memset ==========
Pass!
========== END entry-dynamic.exe string_memset ==========
Hangup
========== START entry-dynamic.exe string_strchr ==========
Pass!
========== END entry-dynamic.exe string_strchr ==========
Hangup
========== START entry-dynamic.exe string_strcspn ==========
Pass!
========== END entry-dynamic.exe string_strcspn ==========
Hangup
========== START entry-dynamic.exe string_strstr ==========
Pass!
========== END entry-dynamic.exe string_strstr ==========
Hangup
========== START entry-dynamic.exe strptime ==========
Pass!
========== END entry-dynamic.exe strptime ==========
Hangup
========== START entry-dynamic.exe strtod ==========
Pass!
========== END entry-dynamic.exe strtod ==========
Hangup
========== START entry-dynamic.exe strtod_simple ==========
Pass!
========== END entry-dynamic.exe strtod_simple ==========
Hangup
========== START entry-dynamic.exe strtof ==========
Pass!
========== END entry-dynamic.exe strtof ==========
Hangup
========== START entry-dynamic.exe strtol ==========
Pass!
========== END entry-dynamic.exe strtol ==========
Hangup
========== START entry-dynamic.exe strtold ==========
Pass!
========== END entry-dynamic.exe strtold ==========
Hangup
========== START entry-dynamic.exe swprintf ==========
Pass!
========== END entry-dynamic.exe swprintf ==========
Hangup
========== START entry-dynamic.exe tgmath ==========
Pass!
========== END entry-dynamic.exe tgmath ==========
Hangup
========== START entry-dynamic.exe time ==========
Pass!
========== END entry-dynamic.exe time ==========
Hangup
========== START entry-dynamic.exe tls_init ==========
Pass!
========== END entry-dynamic.exe tls_init ==========
Hangup
========== START entry-dynamic.exe tls_local_exec ==========
Pass!
========== END entry-dynamic.exe tls_local_exec ==========
Hangup
========== START entry-dynamic.exe udiv ==========
Pass!
========== END entry-dynamic.exe udiv ==========
Hangup
========== START entry-dynamic.exe ungetc ==========
Pass!
========== END entry-dynamic.exe ungetc ==========
Hangup
========== START entry-dynamic.exe utime ==========
Pass!
========== END entry-dynamic.exe utime ==========
Hangup
========== START entry-dynamic.exe wcsstr ==========
Pass!
========== END entry-dynamic.exe wcsstr ==========
Hangup
========== START entry-dynamic.exe wcstol ==========
Pass!
========== END entry-dynamic.exe wcstol ==========
Hangup
========== START entry-dynamic.exe daemon_failure ==========
Pass!
========== END entry-dynamic.exe daemon_failure ==========
Hangup
========== START entry-dynamic.exe dn_expand_empty ==========
Pass!
========== END entry-dynamic.exe dn_expand_empty ==========
Hangup
========== START entry-dynamic.exe dn_expand_ptr_0 ==========
Pass!
========== END entry-dynamic.exe dn_expand_ptr_0 ==========
Hangup
========== START entry-dynamic.exe fflush_exit ==========
Pass!
========== END entry-dynamic.exe fflush_exit ==========
Hangup
========== START entry-dynamic.exe fgets_eof ==========
Pass!
========== END entry-dynamic.exe fgets_eof ==========
Hangup
========== START entry-dynamic.exe fgetwc_buffering ==========
Pass!
========== END entry-dynamic.exe fgetwc_buffering ==========
Hangup
========== START entry-dynamic.exe fpclassify_invalid_ld80 ==========
Pass!
========== END entry-dynamic.exe fpclassify_invalid_ld80 ==========
Hangup
========== START entry-dynamic.exe ftello_unflushed_append ==========
Pass!
========== END entry-dynamic.exe ftello_unflushed_append ==========
Hangup
========== START entry-dynamic.exe getpwnam_r_crash ==========
Pass!
========== END entry-dynamic.exe getpwnam_r_crash ==========
Hangup
========== START entry-dynamic.exe getpwnam_r_errno ==========
Pass!
========== END entry-dynamic.exe getpwnam_r_errno ==========
Hangup
========== START entry-dynamic.exe iconv_roundtrips ==========
Pass!
========== END entry-dynamic.exe iconv_roundtrips ==========
Hangup
========== START entry-dynamic.exe inet_ntop_v4mapped ==========
Pass!
========== END entry-dynamic.exe inet_ntop_v4mapped ==========
Hangup
========== START entry-dynamic.exe inet_pton_empty_last_field ==========
Pass!
========== END entry-dynamic.exe inet_pton_empty_last_field ==========
Hangup
========== START entry-dynamic.exe iswspace_null ==========
Pass!
========== END entry-dynamic.exe iswspace_null ==========
Hangup
========== START entry-dynamic.exe lrand48_signextend ==========
Pass!
========== END entry-dynamic.exe lrand48_signextend ==========
Hangup
========== START entry-dynamic.exe lseek_large ==========
Pass!
========== END entry-dynamic.exe lseek_large ==========
Hangup
========== START entry-dynamic.exe malloc_0 ==========
Pass!
========== END entry-dynamic.exe malloc_0 ==========
Hangup
========== START entry-dynamic.exe mbsrtowcs_overflow ==========
Pass!
========== END entry-dynamic.exe mbsrtowcs_overflow ==========
Hangup
========== START entry-dynamic.exe memmem_oob_read ==========
Pass!
========== END entry-dynamic.exe memmem_oob_read ==========
Hangup
========== START entry-dynamic.exe memmem_oob ==========
Pass!
========== END entry-dynamic.exe memmem_oob ==========
Hangup
========== START entry-dynamic.exe mkdtemp_failure ==========
Pass!
========== END entry-dynamic.exe mkdtemp_failure ==========
Hangup
========== START entry-dynamic.exe mkstemp_failure ==========
Pass!
========== END entry-dynamic.exe mkstemp_failure ==========
Hangup
========== START entry-dynamic.exe printf_1e9_oob ==========
Pass!
========== END entry-dynamic.exe printf_1e9_oob ==========
Hangup
========== START entry-dynamic.exe printf_fmt_g_round ==========
Pass!
========== END entry-dynamic.exe printf_fmt_g_round ==========
Hangup
========== START entry-dynamic.exe printf_fmt_g_zeros ==========
Pass!
========== END entry-dynamic.exe printf_fmt_g_zeros ==========
Hangup
========== START entry-dynamic.exe printf_fmt_n ==========
Pass!
========== END entry-dynamic.exe printf_fmt_n ==========
Hangup
========== START entry-dynamic.exe pthread_robust_detach ==========
Pass!
========== END entry-dynamic.exe pthread_robust_detach ==========
Hangup
========== START entry-dynamic.exe pthread_cond_smasher ==========
Pass!
========== END entry-dynamic.exe pthread_cond_smasher ==========
Hangup
========== START entry-dynamic.exe pthread_condattr_setclock ==========
Pass!
========== END entry-dynamic.exe pthread_condattr_setclock ==========
Hangup
========== START entry-dynamic.exe pthread_exit_cancel ==========
Pass!
========== END entry-dynamic.exe pthread_exit_cancel ==========
Hangup
========== START entry-dynamic.exe pthread_once_deadlock ==========
Pass!
========== END entry-dynamic.exe pthread_once_deadlock ==========
Hangup
========== START entry-dynamic.exe pthread_rwlock_ebusy ==========
Pass!
========== END entry-dynamic.exe pthread_rwlock_ebusy ==========
Hangup
========== START entry-dynamic.exe putenv_doublefree ==========
Pass!
========== END entry-dynamic.exe putenv_doublefree ==========
Hangup
========== START entry-dynamic.exe regex_backref_0 ==========
Pass!
========== END entry-dynamic.exe regex_backref_0 ==========
Hangup
========== START entry-dynamic.exe regex_bracket_icase ==========
Pass!
========== END entry-dynamic.exe regex_bracket_icase ==========
Hangup
========== START entry-dynamic.exe regex_ere_backref ==========
Pass!
========== END entry-dynamic.exe regex_ere_backref ==========
Hangup
========== START entry-dynamic.exe regex_escaped_high_byte ==========
Pass!
========== END entry-dynamic.exe regex_escaped_high_byte ==========
Hangup
========== START entry-dynamic.exe regex_negated_range ==========
Pass!
========== END entry-dynamic.exe regex_negated_range ==========
Hangup
========== START entry-dynamic.exe regexec_nosub ==========
Pass!
========== END entry-dynamic.exe regexec_nosub ==========
Hangup
========== START entry-dynamic.exe rewind_clear_error ==========
Pass!
========== END entry-dynamic.exe rewind_clear_error ==========
Hangup
========== START entry-dynamic.exe rlimit_open_files ==========
Pass!
========== END entry-dynamic.exe rlimit_open_files ==========
Hangup
========== START entry-dynamic.exe scanf_bytes_consumed ==========
Pass!
========== END entry-dynamic.exe scanf_bytes_consumed ==========
Hangup
========== START entry-dynamic.exe scanf_match_literal_eof ==========
Pass!
========== END entry-dynamic.exe scanf_match_literal_eof ==========
Hangup
========== START entry-dynamic.exe scanf_nullbyte_char ==========
Pass!
========== END entry-dynamic.exe scanf_nullbyte_char ==========
Hangup
========== START entry-dynamic.exe setvbuf_unget ==========
Pass!
========== END entry-dynamic.exe setvbuf_unget ==========
Hangup
========== START entry-dynamic.exe sigprocmask_internal ==========
Pass!
========== END entry-dynamic.exe sigprocmask_internal ==========
Hangup
========== START entry-dynamic.exe sscanf_eof ==========
Pass!
========== END entry-dynamic.exe sscanf_eof ==========
Hangup
========== START entry-dynamic.exe statvfs ==========
Pass!
========== END entry-dynamic.exe statvfs ==========
Hangup
========== START entry-dynamic.exe strverscmp ==========
Pass!
========== END entry-dynamic.exe strverscmp ==========
Hangup
========== START entry-dynamic.exe syscall_sign_extend ==========
Pass!
========== END entry-dynamic.exe syscall_sign_extend ==========
Hangup
========== START entry-dynamic.exe tls_get_new_dtv ==========
Pass!
========== END entry-dynamic.exe tls_get_new_dtv ==========
Hangup
========== START entry-dynamic.exe uselocale_0 ==========
Pass!
========== END entry-dynamic.exe uselocale_0 ==========
Hangup
========== START entry-dynamic.exe wcsncpy_read_overflow ==========
Pass!
========== END entry-dynamic.exe wcsncpy_read_overflow ==========
Hangup
========== START entry-dynamic.exe wcsstr_false_negative ==========
Pass!
========== END entry-dynamic.exe wcsstr_false_negative ==========
Hangup
Hangup (core dumped)
