smp = 4
build_mode = release
log_level = info

CPU 0 started
Found physcial memory regions:
 .text (READ | EXECUTE | RESERVED)
 .rodata (READ | RESERVED)
 .data .tdata .tbss .percpu (READ | WRITE | RESERVED)
 .percpu (READ | WRITE | RESERVED)
 boot stack (READ | WRITE | RESERVED)
 .bss (READ | WRITE | RESERVED)
 free memory (READ | WRITE | FREE)
Initialize global memory allocator...
Initialize kernel page table...
Initialize platform devices...
Initialize scheduling...
 use Round-robin scheduler
CPU 1 started
CPU 1 init OK
CPU 2 started
CPU 2 init OK
CPU 3 started
CPU 3 init OK
Initialize interrupt handlers...
CPU 0 init OK
part 0: \[0, 125000)
part 1: \[125000, 250000)
part 2: \[250000, 375000)
part 3: \[375000, 500000)
part 0 finished
part 4: \[500000, 625000)
part 1 finished
part 5: \[625000, 750000)
part 2 finished
part 6: \[750000, 875000)
part 3 finished
part 7: \[875000, 1000000)
part 4 finished
part 8: \[1000000, 1125000)
part 5 finished
part 9: \[1125000, 1250000)
part 6 finished
part 10: \[1250000, 1375000)
part 7 finished
part 11: \[1375000, 1500000)
part 8 finished
part 12: \[1500000, 1625000)
part 9 finished
part 13: \[1625000, 1750000)
part 10 finished
part 14: \[1750000, 1875000)
part 11 finished
part 15: \[1875000, 2000000)
part 12 finished
part 13 finished
part 14 finished
part 15 finished
actual sum = 61783189038
(C)Pthread parallel run OK!
Shutting down...
