smp = 4
build_mode = release
log_level = info

CPU 0 started
Found physcial memory regions:
 .text (READ | EXECUTE | RESERVED)
 .rodata (READ | RESERVED)
 .data (READ | WRITE | RESERVED)
 .percpu (READ | WRITE | RESERVED)
 boot stack (READ | WRITE | RESERVED)
 .bss (READ | WRITE | RESERVED)
 free memory (READ | WRITE | FREE)
Initialize global memory allocator...
Initialize kernel page table...
Initialize platform devices...
Initialize scheduling...
 use FIFO scheduler.
Pass NULL argument
Recieve: Main thread pass message
Child thread return message
A message before call pthread_exit
Exit message
(C)Pthread basic tests run OK!
Shutting down...