smp = 1
build_mode = release
log_level = info

Primary CPU 0 started,
Found physcial memory regions:
 .text (READ | EXECUTE | RESERVED)
 .rodata (READ | RESERVED)
 .data .tdata .tbss .percpu (READ | WRITE | RESERVED)
 .percpu (READ | WRITE | RESERVED)
 boot stack (READ | WRITE | RESERVED)
 .bss (READ | WRITE | RESERVED)
 free memory (READ | WRITE | FREE)
Initialize global memory allocator...
Initialize scheduling...
  use Round-robin scheduler.
Initialize interrupt handlers...
Primary CPU 0 init OK.
part 0: ThreadId([0-9]) \[0, 40)
part 1: ThreadId([0-9]) \[0, 40)
part 2: ThreadId([0-9]) \[0, 40)
part 3: ThreadId([0-9]) \[0, 40)
part 4: ThreadId([0-9]) \[0, 4)
part 0: ThreadId([0-9]) finished
part 1: ThreadId([0-9]) finished
part 2: ThreadId([0-9]) finished
part 3: ThreadId([0-9]) finished
part 4: ThreadId([0-9]) finished
sum = 3318102132
leave time:
task 0 =
task 1 =
task 2 =
task 3 =
task 4 =
Priority tests run OK!
Shutting down...
