smp = 4
build_mode = release
log_level = info

Primary CPU [0-9]\+ started,
Secondary CPU [0-9]\+ started.
Secondary CPU [0-9]\+ started.
Secondary CPU [0-9]\+ started.
Secondary CPU [0-9]\+ init OK.
Secondary CPU [0-9]\+ init OK.
Secondary CPU [0-9]\+ init OK.
Found physcial memory regions:
 .text (READ | EXECUTE | RESERVED)
 .rodata (READ | RESERVED)
 .data (READ | WRITE | RESERVED)
 .percpu (READ | WRITE | RESERVED)
 boot stack (READ | WRITE | RESERVED)
 .bss (READ | WRITE | RESERVED)
 free memory (READ | WRITE | FREE)
Initialize global memory allocator...
Initialize kernel page table...
Initialize scheduling...
  use Completely Fair scheduler.
  use basic method load balance manager.
Initialize interrupt handlers...
Primary CPU [0-9]\+ init OK.
part [0-9]\+: TaskId([0-9]\+) \[0, 40)
part [0-9]\+: TaskId([0-9]\+) \[0, 40)
part [0-9]\+: TaskId([0-9]\+) \[0, 40)
part [0-9]\+: TaskId([0-9]\+) \[0, 40)
part [0-9]\+: TaskId([0-9]\+) \[0, 4)
part [0-9]\+: TaskId([0-9]\+) finished
part [0-9]\+: TaskId([0-9]\+) finished
part [0-9]\+: TaskId([0-9]\+) finished
part [0-9]\+: TaskId([0-9]\+) finished
part [0-9]\+: TaskId([0-9]\+) finished
sum = 3318102132
leave time:
task 0 =
task 1 =
task 2 =
task 3 =
task 4 =
Priority tests run OK!
Shutting down...
