smp = 1
build_mode = release
log_level = info

Primary CPU 0 started,
Found physcial memory regions:
 .text (READ | EXECUTE | RESERVED)
 .rodata (READ | RESERVED)
 .data (READ | WRITE | RESERVED)
 .percpu (READ | WRITE | RESERVED)
 boot stack (READ | WRITE | RESERVED)
 .bss (READ | WRITE | RESERVED)
 free memory (READ | WRITE | FREE)
Initialize global memory allocator...
Initialize kernel page table...
Initialize scheduling...
  use FIFO scheduler.
Primary CPU 0 init OK.
part 0: TaskId(4) \[0, 40)
part 0: TaskId(4) finished
part 1: TaskId(5) \[0, 40)
part 1: TaskId(5) finished
part 2: TaskId(6) \[0, 40)
part 2: TaskId(6) finished
part 3: TaskId(7) \[0, 40)
part 3: TaskId(7) finished
part 4: TaskId(8) \[0, 4)
part 4: TaskId(8) finished
sum = 3318102132
leave time:
task 0 =
task 1 =
task 2 =
task 3 =
task 4 =
Priority tests run OK!
Shutting down...
