smp = 1
build_mode = release
log_level = info

Primary CPU 0 started,
Found physcial memory regions:
 .text (READ | EXECUTE | RESERVED)
 .rodata (READ | RESERVED)
 .data .tdata .tbss .percpu (READ | WRITE | RESERVED)
 .percpu (READ | WRITE | RESERVED)
 boot stack (READ | WRITE | RESERVED)
 .bss (READ | WRITE | RESERVED)
 free memory (READ | WRITE | FREE)
Initialize global memory allocator...
Initialize scheduling...
  use Completely Fair scheduler.
Initialize interrupt handlers...
Primary CPU 0 init OK.
part 0: ThreadId(4) \[0, 40)
part 1: ThreadId(5) \[0, 40)
part 2: ThreadId(6) \[0, 40)
part 3: ThreadId(7) \[0, 40)
part 4: ThreadId(8) \[0, 4)
part 0: ThreadId(4) finished
part 1: ThreadId(5) finished
part 2: ThreadId(6) finished
part 3: ThreadId(7) finished
part 4: ThreadId(8) finished
sum = 3318102132
leave time:
task 0 =
task 1 =
task 2 =
task 3 =
task 4 =
Priority tests run OK!
Shutting down...
