smp = 4
build_mode = release
log_level = info

CPU 0 started
Found physcial memory regions:
 .text (READ | EXECUTE | RESERVED)
 .rodata (READ | RESERVED)
 .data .tdata .tbss .percpu (READ | WRITE | RESERVED)
 .percpu (READ | WRITE | RESERVED)
 boot stack (READ | WRITE | RESERVED)
 .bss (READ | WRITE | RESERVED)
 free memory (READ | WRITE | FREE)
Initialize global memory allocator...
Initialize kernel page table...
Initialize platform devices...
Initialize scheduling...
 use FIFO scheduler.
Child thread send message(1)
Child thread send message(2)
Main thread recieve (1): I am child(1)!
Child thread send message(3)
Main thread recieve (2): I am child(2)!
Child thread send message(4)
Main thread recieve (3): I am child(3)!
Child thread send message(5)
Main thread recieve (4): I am child(4)!
Main thread recieve (5): I am child(5)!
(C)Pipe tests run OK
Shutting down...
