smp = 1
build_mode = release
log_level = info

Primary CPU 0 started,
Found physcial memory regions:
 .text (READ | EXECUTE | RESERVED)
 .rodata (READ | RESERVED)
 .data (READ | WRITE | RESERVED)
 .percpu (READ | WRITE | RESERVED)
 boot stack (READ | WRITE | RESERVED)
 .bss (READ | WRITE | RESERVED)
 free memory (READ | WRITE | FREE)
Initialize global memory allocator...
Initialize kernel page table...
Initialize scheduling...
  use FIFO scheduler.
Initialize interrupt handlers...
Primary CPU 0 init OK.
part 0: TaskId(4) \[0, 125000)
part 1: TaskId(5) \[125000, 250000)
part 2: TaskId(6) \[250000, 375000)
part 3: TaskId(7) \[375000, 500000)
part 4: TaskId(8) \[500000, 625000)
part 5: TaskId(9) \[625000, 750000)
part 6: TaskId(10) \[750000, 875000)
part 7: TaskId(11) \[875000, 1000000)
part 8: TaskId(12) \[1000000, 1125000)
part 9: TaskId(13) \[1125000, 1250000)
part 10: TaskId(14) \[1250000, 1375000)
part 11: TaskId(15) \[1375000, 1500000)
part 12: TaskId(16) \[1500000, 1625000)
part 13: TaskId(17) \[1625000, 1750000)
part 14: TaskId(18) \[1750000, 1875000)
part 15: TaskId(19) \[1875000, 2000000)
part 15: TaskId(19) finished
main task woken up! timeout=
sum = 61783189038
Parallel summation tests run OK!
Shutting down...
