smp = 4
build_mode = release
log_level = info

CPU 0 started
Found physcial memory regions:
.text (READ | EXECUTE | RESERVED)
.rodata (READ | RESERVED)
.data (READ | WRITE | RESERVED)
.percpu (READ | WRITE | RESERVED)
boot stack (READ | WRITE | RESERVED)
.bss (READ | WRITE | RESERVED)
free memory (READ | WRITE | FREE)
Initialize global memory allocator...
Initialize kernel page table...
Initialize platform devices...
Initialize scheduling...
  use Completely Fair scheduler.
Initialize interrupt handlers...
CPU 0 init OK
CPU 1 started
CPU 2 started
CPU 3 started
CPU 1 init OK
CPU 2 init OK
CPU 3 init OK
part 0: TaskId([0-9]\+) \[0, 125000)
part 1: TaskId([0-9]\+) \[125000, 250000)
part 2: TaskId([0-9]\+) \[250000, 375000)
part 3: TaskId([0-9]\+) \[375000, 500000)
part 4: TaskId([0-9]\+) \[500000, 625000)
part 5: TaskId([0-9]\+) \[625000, 750000)
part 6: TaskId([0-9]\+) \[750000, 875000)
part 7: TaskId([0-9]\+) \[875000, 1000000)
part 8: TaskId([0-9]\+) \[1000000, 1125000)
part 9: TaskId([0-9]\+) \[1125000, 1250000)
part 10: TaskId([0-9]\+) \[1250000, 1375000)
part 11: TaskId([0-9]\+) \[1375000, 1500000)
part 12: TaskId([0-9]\+) \[1500000, 1625000)
part 13: TaskId([0-9]\+) \[1625000, 1750000)
part 14: TaskId([0-9]\+) \[1750000, 1875000)
part 15: TaskId([0-9]\+) \[1875000, 2000000)
part 15: TaskId([0-9]\+) finished
part 0: TaskId([0-9]\+) finished
part 1: TaskId([0-9]\+) finished
part 2: TaskId([0-9]\+) finished
part 3: TaskId([0-9]\+) finished
part 4: TaskId([0-9]\+) finished
part 5: TaskId([0-9]\+) finished
part 6: TaskId([0-9]\+) finished
part 7: TaskId([0-9]\+) finished
part 8: TaskId([0-9]\+) finished
part 9: TaskId([0-9]\+) finished
part 10: TaskId([0-9]\+) finished
part 11: TaskId([0-9]\+) finished
part 12: TaskId([0-9]\+) finished
part 13: TaskId([0-9]\+) finished
part 14: TaskId([0-9]\+) finished
sum = 61783189038
Parallel summation tests run OK!
Shutting down...
